<?xml version="1.0" encoding="UTF-8"?>
<!-- Generated by org.testng.reporters.JUnitReportReporter -->
<testsuite hostname="INLEN8520036002" failures="0" tests="1" name="Base" time="5.744" errors="0" timestamp="2023-07-31T13:50:03 IST" skipped="0">
  <testcase classname="Base" name="loadprop" time="5.744"/>
</testsuite> <!-- Base -->
