<?xml version="1.0" encoding="UTF-8"?>
<!-- Generated by org.testng.reporters.JUnitReportReporter -->
<testsuite hostname="INLEN8520036002" failures="0" tests="1" name="POM.TC_001" time="6.968" errors="0" timestamp="2023-08-01T10:30:36 IST" skipped="0">
  <testcase classname="POM.TC_001" name="getlogin" time="6.968"/>
</testsuite> <!-- POM.TC_001 -->
