<?xml version="1.0" encoding="UTF-8"?>
<!-- Generated by org.testng.reporters.JUnitReportReporter -->
<testsuite hostname="INLEN8520036002" failures="0" tests="4" name="POM.TC_001Test" time="20.854" errors="0" timestamp="2023-08-04T14:01:21 IST" skipped="0">
  <testcase classname="POM.TC_001Test" name="getlogin" time="4.906"/>
  <testcase classname="POM.TC_001Test" name="getlogin1" time="5.454"/>
  <testcase classname="POM.TC_001Test" name="getlogin2" time="4.890"/>
  <testcase classname="POM.TC_001Test" name="getlogin3" time="5.604"/>
</testsuite> <!-- POM.TC_001Test -->
